<?xml version="1.0" encoding="UTF-8"?>
<!-- Generated by org.testng.reporters.JUnitXMLReporter -->
<testsuite hostname="LAPTOP-D4G96PPV" ignored="2" name="Default test" tests="3" failures="0" timestamp="2020-09-17T17:24:55 EDT" time="20.163" errors="0">
  <testcase name="login" time="3.118" classname="smoke.TC005_Invoice"/>
  <testcase name="invoice" time="5.969" classname="smoke.TC005_Invoice"/>
  <testcase name="searchProduct" time="10.06" classname="smoke.TC003_SearchProduct"/>
  <testcase name="@AfterSuite teardown" time="0.0" classname="base.BaseClass">
    <ignored/>
  </testcase> <!-- @AfterSuite teardown -->
  <testcase name="@BeforeSuite init" time="0.0" classname="base.BaseClass">
    <ignored/>
  </testcase> <!-- @BeforeSuite init -->
</testsuite> <!-- Default test -->
