<?xml version="1.0" encoding="UTF-8"?>
<!-- Generated by org.testng.reporters.JUnitXMLReporter -->
<testsuite hostname="LAPTOP-D4G96PPV" ignored="2" name="Search Functionality and File Download Test" tests="3" failures="0" timestamp="2020-09-16T16:45:02 EDT" time="20.777" errors="0">
  <testcase name="searchProduct" time="10.604" classname="smoke.TC003_SearchProduct"/>
  <testcase name="login" time="3.151" classname="smoke.TC005_Invoice"/>
  <testcase name="invoice" time="5.982" classname="smoke.TC005_Invoice"/>
  <testcase name="@AfterSuite teardown" time="0.0" classname="base.BaseClass">
    <ignored/>
  </testcase> <!-- @AfterSuite teardown -->
  <testcase name="@BeforeSuite init" time="0.0" classname="base.BaseClass">
    <ignored/>
  </testcase> <!-- @BeforeSuite init -->
</testsuite> <!-- Search Functionality and File Download Test -->
