<?xml version="1.0" encoding="UTF-8"?>
<!-- Generated by org.testng.reporters.JUnitXMLReporter -->
<testsuite hostname="LAPTOP-D4G96PPV" ignored="2" name="Test Specific Functions of Sub-category" tests="2" failures="0" timestamp="2020-09-25T13:54:08 EDT" time="13.455" errors="0">
  <testcase name="searchProduct" time="4.696" classname="testcases.TC002_SearchProduct"/>
  <testcase name="catalogTest" time="8.033" classname="testcases.TC003_Catalog"/>
  <testcase name="@AfterSuite teardown" time="0.0" classname="base.BaseClass">
    <ignored/>
  </testcase> <!-- @AfterSuite teardown -->
  <testcase name="@BeforeSuite init" time="0.0" classname="base.BaseClass">
    <ignored/>
  </testcase> <!-- @BeforeSuite init -->
</testsuite> <!-- Test Specific Functions of Sub-category -->
