<?xml version="1.0" encoding="UTF-8"?>
<!-- Generated by org.testng.reporters.JUnitXMLReporter -->
<testsuite hostname="LAPTOP-D4G96PPV" ignored="0" name="Test" tests="1" failures="1" timestamp="2020-09-25T15:24:38 EDT" time="7.51" errors="0">
  <testcase name="catalogTest" time="6.396" classname="testcases.TC003_Catalog">
    <failure type="java.lang.AssertionError" message="expected [true] but found [false]">
      <![CDATA[java.lang.AssertionError: expected [true] but found [false]
at testcases.TC003_Catalog.catalogTest(TC003_Catalog.java:68)
at java.util.ArrayList.forEach(ArrayList.java:1259)
... Removed 31 stack frames]]>
    </failure>
  </testcase> <!-- catalogTest -->
</testsuite> <!-- Test -->
