<?xml version="1.0" encoding="UTF-8"?>
<!-- Generated by org.testng.reporters.JUnitXMLReporter -->
<testsuite hostname="LAPTOP-D4G96PPV" ignored="2" name="Verify Login and Buy Products Workflow Test" tests="8" failures="0" timestamp="2020-09-16T16:16:09 EDT" time="49.49" errors="0">
  <testcase name="VerifyLogin" time="6.185" classname="regression.TC002_VerifyLogin"/>
  <testcase name="VerifyLogin" time="5.733" classname="regression.TC002_VerifyLogin"/>
  <testcase name="VerifyLogin" time="5.519" classname="regression.TC002_VerifyLogin"/>
  <testcase name="VerifyLogin" time="5.49" classname="regression.TC002_VerifyLogin"/>
  <testcase name="VerifyLogin" time="5.42" classname="regression.TC002_VerifyLogin"/>
  <testcase name="VerifyLogin" time="6.583" classname="regression.TC002_VerifyLogin"/>
  <testcase name="login" time="2.02" classname="regression.TC004_BuyProduct"/>
  <testcase name="buyProducts" time="10.935" classname="regression.TC004_BuyProduct"/>
  <testcase name="@AfterSuite teardown" time="0.0" classname="base.BaseClass">
    <ignored/>
  </testcase> <!-- @AfterSuite teardown -->
  <testcase name="@BeforeSuite init" time="0.0" classname="base.BaseClass">
    <ignored/>
  </testcase> <!-- @BeforeSuite init -->
</testsuite> <!-- Verify Login and Buy Products Workflow Test -->
