<?xml version="1.0" encoding="UTF-8"?>
<!-- Generated by org.testng.reporters.JUnitXMLReporter -->
<testsuite hostname="LAPTOP-D4G96PPV" ignored="0" name="Verify Login" tests="6" failures="2" timestamp="2020-09-25T01:48:58 EDT" time="29.489" errors="0">
  <testcase name="VerifyLogin" time="5.496" classname="ddt.TC004_VerifyLogin"/>
  <testcase name="VerifyLogin" time="4.023" classname="ddt.TC004_VerifyLogin"/>
  <testcase name="VerifyLogin" time="3.106" classname="ddt.TC004_VerifyLogin">
    <failure type="java.lang.AssertionError" message="expected [My account - My Store] but found [Login - My Store]">
      <![CDATA[java.lang.AssertionError: expected [My account - My Store] but found [Login - My Store]
at ddt.TC004_VerifyLogin.VerifyLogin(TC004_VerifyLogin.java:65)
at java.util.ArrayList.forEach(ArrayList.java:1259)
... Removed 33 stack frames]]>
    </failure>
  </testcase> <!-- VerifyLogin -->
  <testcase name="VerifyLogin" time="3.343" classname="ddt.TC004_VerifyLogin">
    <failure type="java.lang.AssertionError" message="expected [My account - My Store] but found [Login - My Store]">
      <![CDATA[java.lang.AssertionError: expected [My account - My Store] but found [Login - My Store]
at ddt.TC004_VerifyLogin.VerifyLogin(TC004_VerifyLogin.java:65)
at java.util.ArrayList.forEach(ArrayList.java:1259)
... Removed 33 stack frames]]>
    </failure>
  </testcase> <!-- VerifyLogin -->
  <testcase name="VerifyLogin" time="4.69" classname="ddt.TC004_VerifyLogin"/>
  <testcase name="VerifyLogin" time="6.486" classname="ddt.TC004_VerifyLogin"/>
</testsuite> <!-- Verify Login -->
