<?xml version="1.0" encoding="UTF-8"?>
<testng-results skipped="0" failed="0" ignored="0" total="0" passed="0">
  <reporter-output>
  </reporter-output>
  <suite name="base.TestListeners" duration-ms="5" started-at="2020-09-25T17:47:26 EDT" finished-at="2020-09-25T17:47:26 EDT">
    <groups>
    </groups>
    <test name="Command line test" duration-ms="5" started-at="2020-09-25T17:47:26 EDT" finished-at="2020-09-25T17:47:26 EDT">
    </test> <!-- Command line test -->
  </suite> <!-- base.TestListeners -->
</testng-results>
