<?xml version="1.0" encoding="UTF-8"?>
<testng-results skipped="0" failed="0" ignored="0" total="0" passed="0">
  <reporter-output>
  </reporter-output>
  <suite name="utilities.TestConfig" duration-ms="5" started-at="2020-09-24T23:51:36 EDT" finished-at="2020-09-24T23:51:36 EDT">
    <groups>
    </groups>
    <test name="Command line test" duration-ms="5" started-at="2020-09-24T23:51:36 EDT" finished-at="2020-09-24T23:51:36 EDT">
    </test> <!-- Command line test -->
  </suite> <!-- utilities.TestConfig -->
</testng-results>
