<?xml version="1.0" encoding="UTF-8"?>
<testng-results skipped="0" failed="2" ignored="6" total="17" passed="9">
  <reporter-output>
  </reporter-output>
  <suite name="Suite" duration-ms="108991" started-at="2020-09-12T12:55:15 EDT" finished-at="2020-09-12T12:57:04 EDT">
    <groups>
    </groups>
    <test name="Test" duration-ms="108991" started-at="2020-09-12T12:55:15 EDT" finished-at="2020-09-12T12:57:04 EDT">
      <class name="testcases.TC003_SearchProduct">
        <test-method status="PASS" signature="setup()[pri:0, instance:testcases.TC003_SearchProduct@59717824]" name="setup" is-config="true" duration-ms="1792" started-at="2020-09-12T12:55:18 EDT" finished-at="2020-09-12T12:55:19 EDT">
          <reporter-output>
          </reporter-output>
        </test-method> <!-- setup -->
        <test-method status="PASS" signature="searchProduct()[pri:0, instance:testcases.TC003_SearchProduct@59717824]" name="searchProduct" duration-ms="11540" started-at="2020-09-12T12:56:26 EDT" finished-at="2020-09-12T12:56:37 EDT">
          <reporter-output>
          </reporter-output>
        </test-method> <!-- searchProduct -->
        <test-method status="PASS" signature="tearDown()[pri:0, instance:testcases.TC003_SearchProduct@59717824]" name="tearDown" is-config="true" duration-ms="20" started-at="2020-09-12T12:57:04 EDT" finished-at="2020-09-12T12:57:04 EDT">
          <reporter-output>
          </reporter-output>
        </test-method> <!-- tearDown -->
      </class> <!-- testcases.TC003_SearchProduct -->
      <class name="testcases.TC001_Registration">
        <test-method status="PASS" signature="init()[pri:0, instance:testcases.TC001_Registration@38364841]" name="init" is-config="true" duration-ms="8327" started-at="2020-09-12T12:55:07 EDT" finished-at="2020-09-12T12:55:15 EDT">
          <reporter-output>
          </reporter-output>
        </test-method> <!-- init -->
        <test-method status="PASS" signature="setup()[pri:0, instance:testcases.TC001_Registration@38364841]" name="setup" is-config="true" duration-ms="2026" started-at="2020-09-12T12:55:15 EDT" finished-at="2020-09-12T12:55:18 EDT">
          <reporter-output>
          </reporter-output>
        </test-method> <!-- setup -->
        <test-method status="FAIL" signature="register()[pri:1, instance:testcases.TC001_Registration@38364841]" name="register" duration-ms="21450" started-at="2020-09-12T12:55:21 EDT" finished-at="2020-09-12T12:55:42 EDT">
          <exception class="org.openqa.selenium.NoSuchElementException">
            <message>
              <![CDATA[no such element: Unable to locate element: {"method":"css selector","selector":"#customer_firstname"}
  (Session info: chrome=85.0.4183.102)
For documentation on this error, please visit: https://www.seleniumhq.org/exceptions/no_such_element.html
Build info: version: '3.141.59', revision: 'e82be7d358', time: '2018-11-14T08:17:03'
System info: host: 'LAPTOP-D4G96PPV', ip: '192.168.2.53', os.name: 'Windows 10', os.arch: 'amd64', os.version: '10.0', java.version: '1.8.0_261'
Driver info: org.openqa.selenium.chrome.ChromeDriver
Capabilities {acceptInsecureCerts: false, browserName: chrome, browserVersion: 85.0.4183.102, chrome: {chromedriverVersion: 84.0.4147.30 (48b3e868b4cc0..., userDataDir: C:\Users\irene\AppData\Loca...}, goog:chromeOptions: {debuggerAddress: localhost:58400}, javascriptEnabled: true, networkConnectionEnabled: false, pageLoadStrategy: normal, platform: WINDOWS, platformName: WINDOWS, proxy: Proxy(), setWindowRect: true, strictFileInteractability: false, timeouts: {implicit: 0, pageLoad: 300000, script: 30000}, unhandledPromptBehavior: dismiss and notify, webauthn:virtualAuthenticators: true}
Session ID: be88a099c7b95cbda9ecc7af2d67dd86
*** Element info: {Using=id, value=customer_firstname}]]>
            </message>
            <full-stacktrace>
              <![CDATA[org.openqa.selenium.NoSuchElementException: no such element: Unable to locate element: {"method":"css selector","selector":"#customer_firstname"}
  (Session info: chrome=85.0.4183.102)
For documentation on this error, please visit: https://www.seleniumhq.org/exceptions/no_such_element.html
Build info: version: '3.141.59', revision: 'e82be7d358', time: '2018-11-14T08:17:03'
System info: host: 'LAPTOP-D4G96PPV', ip: '192.168.2.53', os.name: 'Windows 10', os.arch: 'amd64', os.version: '10.0', java.version: '1.8.0_261'
Driver info: org.openqa.selenium.chrome.ChromeDriver
Capabilities {acceptInsecureCerts: false, browserName: chrome, browserVersion: 85.0.4183.102, chrome: {chromedriverVersion: 84.0.4147.30 (48b3e868b4cc0..., userDataDir: C:\Users\irene\AppData\Loca...}, goog:chromeOptions: {debuggerAddress: localhost:58400}, javascriptEnabled: true, networkConnectionEnabled: false, pageLoadStrategy: normal, platform: WINDOWS, platformName: WINDOWS, proxy: Proxy(), setWindowRect: true, strictFileInteractability: false, timeouts: {implicit: 0, pageLoad: 300000, script: 30000}, unhandledPromptBehavior: dismiss and notify, webauthn:virtualAuthenticators: true}
Session ID: be88a099c7b95cbda9ecc7af2d67dd86
*** Element info: {Using=id, value=customer_firstname}
at sun.reflect.NativeConstructorAccessorImpl.newInstance0(Native Method)
at sun.reflect.NativeConstructorAccessorImpl.newInstance(NativeConstructorAccessorImpl.java:62)
at sun.reflect.DelegatingConstructorAccessorImpl.newInstance(DelegatingConstructorAccessorImpl.java:45)
at java.lang.reflect.Constructor.newInstance(Constructor.java:423)
at org.openqa.selenium.remote.http.W3CHttpResponseCodec.createException(W3CHttpResponseCodec.java:187)
at org.openqa.selenium.remote.http.W3CHttpResponseCodec.decode(W3CHttpResponseCodec.java:122)
at org.openqa.selenium.remote.http.W3CHttpResponseCodec.decode(W3CHttpResponseCodec.java:49)
at org.openqa.selenium.remote.HttpCommandExecutor.execute(HttpCommandExecutor.java:158)
at org.openqa.selenium.remote.service.DriverCommandExecutor.execute(DriverCommandExecutor.java:83)
at org.openqa.selenium.remote.RemoteWebDriver.execute(RemoteWebDriver.java:552)
at org.openqa.selenium.remote.RemoteWebDriver.findElement(RemoteWebDriver.java:323)
at org.openqa.selenium.remote.RemoteWebDriver.findElementById(RemoteWebDriver.java:372)
at org.openqa.selenium.By$ById.findElement(By.java:188)
at org.openqa.selenium.remote.RemoteWebDriver.findElement(RemoteWebDriver.java:315)
at org.openqa.selenium.support.pagefactory.DefaultElementLocator.findElement(DefaultElementLocator.java:69)
at org.openqa.selenium.support.pagefactory.internal.LocatingElementHandler.invoke(LocatingElementHandler.java:38)
at com.sun.proxy.$Proxy12.sendKeys(Unknown Source)
at pages.CreateAccountPage.doRegister(CreateAccountPage.java:98)
at testcases.TC001_Registration.register(TC001_Registration.java:54)
at sun.reflect.NativeMethodAccessorImpl.invoke0(Native Method)
at sun.reflect.NativeMethodAccessorImpl.invoke(NativeMethodAccessorImpl.java:62)
at sun.reflect.DelegatingMethodAccessorImpl.invoke(DelegatingMethodAccessorImpl.java:43)
at java.lang.reflect.Method.invoke(Method.java:498)
at org.testng.internal.MethodInvocationHelper.invokeMethod(MethodInvocationHelper.java:132)
at org.testng.internal.TestInvoker.invokeMethod(TestInvoker.java:599)
at org.testng.internal.TestInvoker.invokeTestMethod(TestInvoker.java:174)
at org.testng.internal.MethodRunner.runInSequence(MethodRunner.java:46)
at org.testng.internal.TestInvoker$MethodInvocationAgent.invoke(TestInvoker.java:822)
at org.testng.internal.TestInvoker.invokeTestMethods(TestInvoker.java:147)
at org.testng.internal.TestMethodWorker.invokeTestMethods(TestMethodWorker.java:146)
at org.testng.internal.TestMethodWorker.run(TestMethodWorker.java:128)
at java.util.ArrayList.forEach(ArrayList.java:1259)
at org.testng.TestRunner.privateRun(TestRunner.java:764)
at org.testng.TestRunner.run(TestRunner.java:585)
at org.testng.SuiteRunner.runTest(SuiteRunner.java:384)
at org.testng.SuiteRunner.runSequentially(SuiteRunner.java:378)
at org.testng.SuiteRunner.privateRun(SuiteRunner.java:337)
at org.testng.SuiteRunner.run(SuiteRunner.java:286)
at org.testng.SuiteRunnerWorker.runSuite(SuiteRunnerWorker.java:53)
at org.testng.SuiteRunnerWorker.run(SuiteRunnerWorker.java:96)
at org.testng.TestNG.runSuitesSequentially(TestNG.java:1218)
at org.testng.TestNG.runSuitesLocally(TestNG.java:1140)
at org.testng.TestNG.runSuites(TestNG.java:1069)
at org.testng.TestNG.run(TestNG.java:1037)
at org.testng.remote.AbstractRemoteTestNG.run(AbstractRemoteTestNG.java:115)
at org.testng.remote.RemoteTestNG.initAndRun(RemoteTestNG.java:251)
at org.testng.remote.RemoteTestNG.main(RemoteTestNG.java:77)
]]>
            </full-stacktrace>
          </exception> <!-- org.openqa.selenium.NoSuchElementException -->
          <reporter-output>
          </reporter-output>
        </test-method> <!-- register -->
        <test-method status="FAIL" signature="logout()[pri:2, instance:testcases.TC001_Registration@38364841]" name="logout" duration-ms="2903" started-at="2020-09-12T12:55:42 EDT" finished-at="2020-09-12T12:55:45 EDT">
          <exception class="java.lang.AssertionError">
            <message>
              <![CDATA[expected [Login - My Store] but found [Contact us - My Store]]]>
            </message>
            <full-stacktrace>
              <![CDATA[java.lang.AssertionError: expected [Login - My Store] but found [Contact us - My Store]
at org.testng.Assert.fail(Assert.java:99)
at org.testng.Assert.failNotEquals(Assert.java:1037)
at org.testng.Assert.assertEqualsImpl(Assert.java:140)
at org.testng.Assert.assertEquals(Assert.java:122)
at org.testng.Assert.assertEquals(Assert.java:629)
at org.testng.Assert.assertEquals(Assert.java:639)
at testcases.TC001_Registration.logout(TC001_Registration.java:70)
at sun.reflect.NativeMethodAccessorImpl.invoke0(Native Method)
at sun.reflect.NativeMethodAccessorImpl.invoke(NativeMethodAccessorImpl.java:62)
at sun.reflect.DelegatingMethodAccessorImpl.invoke(DelegatingMethodAccessorImpl.java:43)
at java.lang.reflect.Method.invoke(Method.java:498)
at org.testng.internal.MethodInvocationHelper.invokeMethod(MethodInvocationHelper.java:132)
at org.testng.internal.TestInvoker.invokeMethod(TestInvoker.java:599)
at org.testng.internal.TestInvoker.invokeTestMethod(TestInvoker.java:174)
at org.testng.internal.MethodRunner.runInSequence(MethodRunner.java:46)
at org.testng.internal.TestInvoker$MethodInvocationAgent.invoke(TestInvoker.java:822)
at org.testng.internal.TestInvoker.invokeTestMethods(TestInvoker.java:147)
at org.testng.internal.TestMethodWorker.invokeTestMethods(TestMethodWorker.java:146)
at org.testng.internal.TestMethodWorker.run(TestMethodWorker.java:128)
at java.util.ArrayList.forEach(ArrayList.java:1259)
at org.testng.TestRunner.privateRun(TestRunner.java:764)
at org.testng.TestRunner.run(TestRunner.java:585)
at org.testng.SuiteRunner.runTest(SuiteRunner.java:384)
at org.testng.SuiteRunner.runSequentially(SuiteRunner.java:378)
at org.testng.SuiteRunner.privateRun(SuiteRunner.java:337)
at org.testng.SuiteRunner.run(SuiteRunner.java:286)
at org.testng.SuiteRunnerWorker.runSuite(SuiteRunnerWorker.java:53)
at org.testng.SuiteRunnerWorker.run(SuiteRunnerWorker.java:96)
at org.testng.TestNG.runSuitesSequentially(TestNG.java:1218)
at org.testng.TestNG.runSuitesLocally(TestNG.java:1140)
at org.testng.TestNG.runSuites(TestNG.java:1069)
at org.testng.TestNG.run(TestNG.java:1037)
at org.testng.remote.AbstractRemoteTestNG.run(AbstractRemoteTestNG.java:115)
at org.testng.remote.RemoteTestNG.initAndRun(RemoteTestNG.java:251)
at org.testng.remote.RemoteTestNG.main(RemoteTestNG.java:77)
]]>
            </full-stacktrace>
          </exception> <!-- java.lang.AssertionError -->
          <reporter-output>
          </reporter-output>
        </test-method> <!-- logout -->
        <test-method status="PASS" signature="tearDown()[pri:0, instance:testcases.TC001_Registration@38364841]" name="tearDown" is-config="true" duration-ms="878" started-at="2020-09-12T12:57:03 EDT" finished-at="2020-09-12T12:57:04 EDT">
          <reporter-output>
          </reporter-output>
        </test-method> <!-- tearDown -->
        <test-method status="PASS" signature="teardown()[pri:0, instance:testcases.TC001_Registration@38364841]" name="teardown" is-config="true" duration-ms="0" started-at="2020-09-12T12:57:05 EDT" finished-at="2020-09-12T12:57:05 EDT">
          <reporter-output>
          </reporter-output>
        </test-method> <!-- teardown -->
      </class> <!-- testcases.TC001_Registration -->
      <class name="testcases.TC004_BuyProduct">
        <test-method status="PASS" signature="setup()[pri:0, instance:testcases.TC004_BuyProduct@146044d7]" name="setup" is-config="true" duration-ms="1262" started-at="2020-09-12T12:55:19 EDT" finished-at="2020-09-12T12:55:21 EDT">
          <reporter-output>
          </reporter-output>
        </test-method> <!-- setup -->
        <test-method status="PASS" signature="login()[pri:0, instance:testcases.TC004_BuyProduct@146044d7]" name="login" duration-ms="2633" started-at="2020-09-12T12:56:37 EDT" finished-at="2020-09-12T12:56:40 EDT">
          <reporter-output>
          </reporter-output>
        </test-method> <!-- login -->
        <test-method status="PASS" signature="buyProducts()[pri:3, instance:testcases.TC004_BuyProduct@146044d7]" name="buyProducts" duration-ms="23597" started-at="2020-09-12T12:56:40 EDT" finished-at="2020-09-12T12:57:03 EDT">
          <reporter-output>
          </reporter-output>
        </test-method> <!-- buyProducts -->
        <test-method status="PASS" signature="tearDown()[pri:0, instance:testcases.TC004_BuyProduct@146044d7]" name="tearDown" is-config="true" duration-ms="42" started-at="2020-09-12T12:57:04 EDT" finished-at="2020-09-12T12:57:04 EDT">
          <reporter-output>
          </reporter-output>
        </test-method> <!-- tearDown -->
      </class> <!-- testcases.TC004_BuyProduct -->
      <class name="testcases.TC002_VerifyLogin">
        <test-method status="PASS" signature="setup()[pri:0, instance:testcases.TC002_VerifyLogin@28c4711c]" name="setup" is-config="true" duration-ms="3" started-at="2020-09-12T12:55:18 EDT" finished-at="2020-09-12T12:55:18 EDT">
          <reporter-output>
          </reporter-output>
        </test-method> <!-- setup -->
        <test-method status="PASS" signature="VerifyLogin(java.lang.String, java.lang.String)[pri:0, instance:testcases.TC002_VerifyLogin@28c4711c]" name="VerifyLogin" duration-ms="8753" started-at="2020-09-12T12:55:46 EDT" data-provider="logindata" finished-at="2020-09-12T12:55:55 EDT">
          <params>
            <param index="0">
              <value>
                <![CDATA[mk1@gmail.com]]>
              </value>
            </param>
            <param index="1">
              <value>
                <![CDATA[mk1234]]>
              </value>
            </param>
          </params>
          <reporter-output>
          </reporter-output>
        </test-method> <!-- VerifyLogin -->
        <test-method status="PASS" signature="VerifyLogin(java.lang.String, java.lang.String)[pri:0, instance:testcases.TC002_VerifyLogin@28c4711c]" name="VerifyLogin" duration-ms="6754" started-at="2020-09-12T12:55:55 EDT" data-provider="logindata" finished-at="2020-09-12T12:56:02 EDT">
          <params>
            <param index="0">
              <value>
                <![CDATA[hm002@gmail.com]]>
              </value>
            </param>
            <param index="1">
              <value>
                <![CDATA[hm002]]>
              </value>
            </param>
          </params>
          <reporter-output>
          </reporter-output>
        </test-method> <!-- VerifyLogin -->
        <test-method status="PASS" signature="VerifyLogin(java.lang.String, java.lang.String)[pri:0, instance:testcases.TC002_VerifyLogin@28c4711c]" name="VerifyLogin" duration-ms="4913" started-at="2020-09-12T12:56:02 EDT" data-provider="logindata" finished-at="2020-09-12T12:56:07 EDT">
          <params>
            <param index="0">
              <value>
                <![CDATA[rob1@rob1.com]]>
              </value>
            </param>
            <param index="1">
              <value>
                <![CDATA[12345]]>
              </value>
            </param>
          </params>
          <reporter-output>
          </reporter-output>
        </test-method> <!-- VerifyLogin -->
        <test-method status="PASS" signature="VerifyLogin(java.lang.String, java.lang.String)[pri:0, instance:testcases.TC002_VerifyLogin@28c4711c]" name="VerifyLogin" duration-ms="4953" started-at="2020-09-12T12:56:07 EDT" data-provider="logindata" finished-at="2020-09-12T12:56:12 EDT">
          <params>
            <param index="0">
              <value>
                <![CDATA[ja1@ja1.com]]>
              </value>
            </param>
            <param index="1">
              <value>
                <![CDATA[12345]]>
              </value>
            </param>
          </params>
          <reporter-output>
          </reporter-output>
        </test-method> <!-- VerifyLogin -->
        <test-method status="PASS" signature="VerifyLogin(java.lang.String, java.lang.String)[pri:0, instance:testcases.TC002_VerifyLogin@28c4711c]" name="VerifyLogin" duration-ms="6841" started-at="2020-09-12T12:56:12 EDT" data-provider="logindata" finished-at="2020-09-12T12:56:18 EDT">
          <params>
            <param index="0">
              <value>
                <![CDATA[a11@a11.com]]>
              </value>
            </param>
            <param index="1">
              <value>
                <![CDATA[12345]]>
              </value>
            </param>
          </params>
          <reporter-output>
          </reporter-output>
        </test-method> <!-- VerifyLogin -->
        <test-method status="PASS" signature="VerifyLogin(java.lang.String, java.lang.String)[pri:0, instance:testcases.TC002_VerifyLogin@28c4711c]" name="VerifyLogin" duration-ms="7276" started-at="2020-09-12T12:56:18 EDT" data-provider="logindata" finished-at="2020-09-12T12:56:26 EDT">
          <params>
            <param index="0">
              <value>
                <![CDATA[a12@a12.com]]>
              </value>
            </param>
            <param index="1">
              <value>
                <![CDATA[12345]]>
              </value>
            </param>
          </params>
          <reporter-output>
          </reporter-output>
        </test-method> <!-- VerifyLogin -->
        <test-method status="PASS" signature="tearDown()[pri:0, instance:testcases.TC002_VerifyLogin@28c4711c]" name="tearDown" is-config="true" duration-ms="44" started-at="2020-09-12T12:57:04 EDT" finished-at="2020-09-12T12:57:04 EDT">
          <reporter-output>
          </reporter-output>
        </test-method> <!-- tearDown -->
      </class> <!-- testcases.TC002_VerifyLogin -->
    </test> <!-- Test -->
  </suite> <!-- Suite -->
</testng-results>
